# JRE version: Java(TM) SE Runtime Environment (8.0_321-b07) (build 1.8.0_321-b07)
# Java VM: Java HotSpot(TM) 64-Bit Server VM (25.321-b07 mixed mode windows-amd64 compressed oops)
Heap:
 PSYoungGen      total 297984K, used 11436K [0x000000076b700000, 0x000000077f680000, 0x00000007c0000000)
  eden space 286208K, 0% used [0x000000076b700000,0x000000076b700000,0x000000077ce80000)
  from space 11776K, 97% used [0x000000077eb00000,0x000000077f62b2b0,0x000000077f680000)
  to   space 16384K, 0% used [0x000000077d680000,0x000000077d680000,0x000000077e680000)
 ParOldGen       total 210944K, used 22297K [0x00000006c2400000, 0x00000006cf200000, 0x000000076b700000)
  object space 210944K, 10% used [0x00000006c2400000,0x00000006c39c66d0,0x00000006cf200000)
 Metaspace       used 63992K, capacity 67852K, committed 68056K, reserved 1107968K
  class space    used 8993K, capacity 9642K, committed 9688K, reserved 1048576K
GC Heap History (10 events):
Event: 3.861 GC heap after
Heap after GC invocations=9 (full 2):
 PSYoungGen      total 169984K, used 12259K [0x000000076b700000, 0x000000077b400000, 0x00000007c0000000)
  eden space 157696K, 0% used [0x000000076b700000,0x000000076b700000,0x0000000775100000)
  from space 12288K, 99% used [0x0000000775100000,0x0000000775cf8d60,0x0000000775d00000)
  to   space 14336K, 0% used [0x000000077a600000,0x000000077a600000,0x000000077b400000)
 ParOldGen       total 157184K, used 18056K [0x00000006c2400000, 0x00000006cbd80000, 0x000000076b700000)
  object space 157184K, 11% used [0x00000006c2400000,0x00000006c35a22f8,0x00000006cbd80000)
 Metaspace       used 44731K, capacity 47114K, committed 47320K, reserved 1089536K
  class space    used 6152K, capacity 6587K, committed 6616K, reserved 1048576K
}
Event: 4.838 GC heap before
{Heap before GC invocations=10 (full 2):
 PSYoungGen      total 169984K, used 169955K [0x000000076b700000, 0x000000077b400000, 0x00000007c0000000)
  eden space 157696K, 100% used [0x000000076b700000,0x0000000775100000,0x0000000775100000)
  from space 12288K, 99% used [0x0000000775100000,0x0000000775cf8d60,0x0000000775d00000)
  to   space 14336K, 0% used [0x000000077a600000,0x000000077a600000,0x000000077b400000)
 ParOldGen       total 157184K, used 18056K [0x00000006c2400000, 0x00000006cbd80000, 0x000000076b700000)
  object space 157184K, 11% used [0x00000006c2400000,0x00000006c35a22f8,0x00000006cbd80000)
 Metaspace       used 53923K, capacity 57016K, committed 57304K, reserved 1097728K
  class space    used 7584K, capacity 8112K, committed 8152K, reserved 1048576K
Event: 4.850 GC heap after
Heap after GC invocations=10 (full 2):
 PSYoungGen      total 242688K, used 14305K [0x000000076b700000, 0x000000077b600000, 0x00000007c0000000)
  eden space 228352K, 0% used [0x000000076b700000,0x000000076b700000,0x0000000779600000)
  from space 14336K, 99% used [0x000000077a600000,0x000000077b3f86c0,0x000000077b400000)
  to   space 16384K, 0% used [0x0000000779600000,0x0000000779600000,0x000000077a600000)
 ParOldGen       total 157184K, used 19028K [0x00000006c2400000, 0x00000006cbd80000, 0x000000076b700000)
  object space 157184K, 12% used [0x00000006c2400000,0x00000006c36952f8,0x00000006cbd80000)
 Metaspace       used 53923K, capacity 57016K, committed 57304K, reserved 1097728K
  class space    used 7584K, capacity 8112K, committed 8152K, reserved 1048576K
}
Event: 5.066 GC heap before
{Heap before GC invocations=11 (full 2):
 PSYoungGen      total 242688K, used 56124K [0x000000076b700000, 0x000000077b600000, 0x00000007c0000000)
  eden space 228352K, 18% used [0x000000076b700000,0x000000076dfd69d0,0x0000000779600000)
  from space 14336K, 99% used [0x000000077a600000,0x000000077b3f86c0,0x000000077b400000)
  to   space 16384K, 0% used [0x0000000779600000,0x0000000779600000,0x000000077a600000)
 ParOldGen       total 157184K, used 19028K [0x00000006c2400000, 0x00000006cbd80000, 0x000000076b700000)
  object space 157184K, 12% used [0x00000006c2400000,0x00000006c36952f8,0x00000006cbd80000)
 Metaspace       used 55640K, capacity 58922K, committed 59028K, reserved 1099776K
  class space    used 7847K, capacity 8393K, committed 8408K, reserved 1048576K
Event: 5.073 GC heap after
Heap after GC invocations=11 (full 2):
 PSYoungGen      total 244736K, used 10979K [0x000000076b700000, 0x000000077fb00000, 0x00000007c0000000)
  eden space 228352K, 0% used [0x000000076b700000,0x000000076b700000,0x0000000779600000)
  from space 16384K, 67% used [0x0000000779600000,0x000000077a0b8dc8,0x000000077a600000)
  to   space 16384K, 0% used [0x000000077eb00000,0x000000077eb00000,0x000000077fb00000)
 ParOldGen       total 157184K, used 19036K [0x00000006c2400000, 0x00000006cbd80000, 0x000000076b700000)
  object space 157184K, 12% used [0x00000006c2400000,0x00000006c36972f8,0x00000006cbd80000)
 Metaspace       used 55640K, capacity 58922K, committed 59028K, reserved 1099776K
  class space    used 7847K, capacity 8393K, committed 8408K, reserved 1048576K
}
Event: 5.073 GC heap before
{Heap before GC invocations=12 (full 3):
 PSYoungGen      total 244736K, used 10979K [0x000000076b700000, 0x000000077fb00000, 0x00000007c0000000)
  eden space 228352K, 0% used [0x000000076b700000,0x000000076b700000,0x0000000779600000)
  from space 16384K, 67% used [0x0000000779600000,0x000000077a0b8dc8,0x000000077a600000)
  to   space 16384K, 0% used [0x000000077eb00000,0x000000077eb00000,0x000000077fb00000)
 ParOldGen       total 157184K, used 19036K [0x00000006c2400000, 0x00000006cbd80000, 0x000000076b700000)
  object space 157184K, 12% used [0x00000006c2400000,0x00000006c36972f8,0x00000006cbd80000)
 Metaspace       used 55640K, capacity 58922K, committed 59028K, reserved 1099776K
  class space    used 7847K, capacity 8393K, committed 8408K, reserved 1048576K
Event: 5.160 GC heap after
Heap after GC invocations=12 (full 3):
 PSYoungGen      total 244736K, used 0K [0x000000076b700000, 0x000000077fb00000, 0x00000007c0000000)
  eden space 228352K, 0% used [0x000000076b700000,0x000000076b700000,0x0000000779600000)
  from space 16384K, 0% used [0x0000000779600000,0x0000000779600000,0x000000077a600000)
  to   space 16384K, 0% used [0x000000077eb00000,0x000000077eb00000,0x000000077fb00000)
 ParOldGen       total 210944K, used 22289K [0x00000006c2400000, 0x00000006cf200000, 0x000000076b700000)
  object space 210944K, 10% used [0x00000006c2400000,0x00000006c39c46d0,0x00000006cf200000)
 Metaspace       used 55640K, capacity 58922K, committed 59028K, reserved 1099776K
  class space    used 7847K, capacity 8393K, committed 8408K, reserved 1048576K
}
Event: 174.095 GC heap before
{Heap before GC invocations=13 (full 3):
 PSYoungGen      total 244736K, used 191918K [0x000000076b700000, 0x000000077fb00000, 0x00000007c0000000)
  eden space 228352K, 84% used [0x000000076b700000,0x000000077726b808,0x0000000779600000)
  from space 16384K, 0% used [0x0000000779600000,0x0000000779600000,0x000000077a600000)
  to   space 16384K, 0% used [0x000000077eb00000,0x000000077eb00000,0x000000077fb00000)
 ParOldGen       total 210944K, used 22289K [0x00000006c2400000, 0x00000006cf200000, 0x000000076b700000)
  object space 210944K, 10% used [0x00000006c2400000,0x00000006c39c46d0,0x00000006cf200000)
 Metaspace       used 63992K, capacity 67852K, committed 68056K, reserved 1107968K
  class space    used 8993K, capacity 9642K, committed 9688K, reserved 1048576K
Event: 174.103 GC heap after
Heap after GC invocations=13 (full 3):
 PSYoungGen      total 297984K, used 11436K [0x000000076b700000, 0x000000077f680000, 0x00000007c0000000)
  eden space 286208K, 0% used [0x000000076b700000,0x000000076b700000,0x000000077ce80000)
  from space 11776K, 97% used [0x000000077eb00000,0x000000077f62b2b0,0x000000077f680000)
  to   space 16384K, 0% used [0x000000077d680000,0x000000077d680000,0x000000077e680000)
 ParOldGen       total 210944K, used 22297K [0x00000006c2400000, 0x00000006cf200000, 0x000000076b700000)
  object space 210944K, 10% used [0x00000006c2400000,0x00000006c39c66d0,0x00000006cf200000)
 Metaspace       used 63992K, capacity 67852K, committed 68056K, reserved 1107968K
  class space    used 8993K, capacity 9642K, committed 9688K, reserved 1048576K
}
Event: 174.103 GC heap before
{Heap before GC invocations=14 (full 4):
 PSYoungGen      total 297984K, used 11436K [0x000000076b700000, 0x000000077f680000, 0x00000007c0000000)
  eden space 286208K, 0% used [0x000000076b700000,0x000000076b700000,0x000000077ce80000)
  from space 11776K, 97% used [0x000000077eb00000,0x000000077f62b2b0,0x000000077f680000)
  to   space 16384K, 0% used [0x000000077d680000,0x000000077d680000,0x000000077e680000)
 ParOldGen       total 210944K, used 22297K [0x00000006c2400000, 0x00000006cf200000, 0x000000076b700000)
  object space 210944K, 10% used [0x00000006c2400000,0x00000006c39c66d0,0x00000006cf200000)
 Metaspace       used 63992K, capacity 67852K, committed 68056K, reserved 1107968K
  class space    used 8993K, capacity 9642K, committed 9688K, reserved 1048576K

